\BOOKMARK [1][-]{section.1}{Zad\341n\355}{}% 1
\BOOKMARK [2][-]{subsection.1.1}{Tvorba prekladace zvolen\351ho jazyka}{section.1}% 2
\BOOKMARK [2][-]{subsection.1.2}{Bodovan\351 n\341le\236itosti}{section.1}% 3
\BOOKMARK [1][-]{section.2}{N\341vrh jazyka}{}% 4
\BOOKMARK [2][-]{subsection.2.1}{Zvolen\351 konstrukce}{section.2}% 5
\BOOKMARK [2][-]{subsection.2.2}{Struktura jazyka}{section.2}% 6
\BOOKMARK [3][-]{subsubsection.2.2.1}{Omezen\355 jazyka}{subsection.2.2}% 7
\BOOKMARK [3][-]{subsubsection.2.2.2}{Uk\341zky jednotliv\375ch konstrukc\355}{subsection.2.2}% 8
\BOOKMARK [1][-]{section.3}{Implementace}{}% 9
\BOOKMARK [2][-]{subsection.3.1}{Struktura projektu}{section.3}% 10
\BOOKMARK [2][-]{subsection.3.2}{Princip funkcnosti}{section.3}% 11
\BOOKMARK [3][-]{subsubsection.3.2.1}{Parsov\341n\355 vstupn\355ho souboru}{subsection.3.2}% 12
\BOOKMARK [3][-]{subsubsection.3.2.2}{Pruchod stromu}{subsection.3.2}% 13
\BOOKMARK [3][-]{subsubsection.3.2.3}{Struktury v pameti}{subsection.3.2}% 14
\BOOKMARK [3][-]{subsubsection.3.2.4}{Zac\341tek generov\341n\355 instrukc\355}{subsection.3.2}% 15
\BOOKMARK [3][-]{subsubsection.3.2.5}{Prototypy metod}{subsection.3.2}% 16
\BOOKMARK [3][-]{subsubsection.3.2.6}{Generov\341n\355 instrukc\355}{subsection.3.2}% 17
\BOOKMARK [3][-]{subsubsection.3.2.7}{Nastaven\355 adres u vol\341n\355 metod}{subsection.3.2}% 18
\BOOKMARK [3][-]{subsubsection.3.2.8}{Nastaven\355 levelu u vol\341n\355 metod}{subsection.3.2}% 19
\BOOKMARK [3][-]{subsubsection.3.2.9}{Z\341pis instrukc\355 do souboru}{subsection.3.2}% 20
\BOOKMARK [2][-]{subsection.3.3}{Viditelnost promenn\375ch}{section.3}% 21
\BOOKMARK [2][-]{subsection.3.4}{Vol\341n\355 metod s parametry}{section.3}% 22
\BOOKMARK [2][-]{subsection.3.5}{Metoda s n\341vratovou hodnotou}{section.3}% 23
\BOOKMARK [2][-]{subsection.3.6}{Error k\363dy}{section.3}% 24
\BOOKMARK [1][-]{section.4}{Testov\341n\355}{}% 25
\BOOKMARK [1][-]{section.5}{U\236ivatelsk\341 dokumentace}{}% 26
\BOOKMARK [1][-]{section.6}{Z\341ver}{}% 27
\BOOKMARK [2][-]{subsection.6.1}{Omezen\355 pri vol\341n\355 metod}{section.6}% 28
\BOOKMARK [2][-]{subsection.6.2}{Zhodnocen\355 v\375sledku}{section.6}% 29
